This file contains any messages produced by compilers while
running configure, to aid debugging if configure makes a mistake.

It was created by configure, which was
generated by GNU Autoconf 2.57.  Invocation command line was

  $ ./configure --prefix=/Users/edmcmanus/alchemy/v0.5/.. --includedir=/Users/edmcmanus/alchemy/v0.5/avm2-libc/include --libdir=/Users/edmcmanus/alchemy/v0.5/avm2-libc/lib CFLAGS=-DUSE_SEXYAL=0 -DUSE_JACKACK=0 -DNETWORK=0

## --------- ##
## Platform. ##
## --------- ##

hostname = champ.local
uname -m = i386
uname -r = 6.2-RELEASE
uname -s = FreeBSD
uname -v = FreeBSD 6.2-RELEASE #0: Fri Jan 12 10:40:27 UTC 2007     root@dessler.cse.buffalo.edu:/usr/obj/usr/src/sys/GENERIC 

/usr/bin/uname -p = i386
/bin/uname -X     = unknown

/bin/arch              = unknown
/usr/bin/arch -k       = unknown
/usr/convex/getsysinfo = unknown
hostinfo               = Mach kernel version:
	 Darwin Kernel Version 10.2.0: Tue Nov  3 10:37:10 PST 2009; root:xnu-1486.2.11~1/RELEASE_I386
Kernel configured for up to 2 processors.
2 processors are physically available.
2 processors are logically available.
Processor type: i486 (Intel 80486)
Processors active: 0 1
Primary memory available: 8.00 gigabytes
Default processor set: 74 tasks, 346 threads, 2 processors
Load average: 0.51, Mach factor: 1.48
/bin/machine           = unknown
/usr/bin/oslevel       = unknown
/bin/universe          = unknown

PATH: /Users/edmcmanus/alchemy/v0.5/achacks
PATH: /opt/local/bin
PATH: /opt/local/sbin
PATH: /Users/edmcmanus/.gem/ruby/1.8/bin
PATH: /usr/local/soylatte16-i386/bin
PATH: /usr/local/Trolltech/Qt-4.4.3/bin
PATH: /Applications/Flex/bin
PATH: /usr/local/sphinx/bin
PATH: /opt/local/lib/postgresql83/bin
PATH: /opt/local/bin
PATH: /opt/local/sbin
PATH: /usr/local/mysql/bin
PATH: /Users/edmcmanus/alchemy/v0.5/bin
PATH: /usr/bin
PATH: /bin
PATH: /usr/sbin
PATH: /sbin
PATH: /usr/local/bin
PATH: /usr/X11/bin
PATH: /usr/local/sphinx/bin
PATH: /Users/edmcmanus/Code/ioke/bin


## ----------- ##
## Core tests. ##
## ----------- ##

configure:1329: checking build system type
configure:1347: result: i386-unknown-freebsd6.2
configure:1355: checking host system type
configure:1369: result: i386-unknown-freebsd6.2
configure:1377: checking target system type
configure:1391: result: i386-unknown-freebsd6.2
configure:1418: checking for a BSD-compatible install
configure:1472: result: /Users/edmcmanus/alchemy/v0.5/achacks/install -c
configure:1483: checking whether build environment is sane
configure:1526: result: yes
configure:1559: checking for gawk
configure:1575: found /opt/local/bin/gawk
configure:1585: result: gawk
configure:1595: checking whether make sets $(MAKE)
configure:1615: result: yes
configure:1807: checking for gcc
configure:1823: found /Users/edmcmanus/alchemy/v0.5/achacks/gcc
configure:1833: result: gcc
configure:2077: checking for C compiler version
configure:2080: gcc --version </dev/null >&5
llvm-gcc (GCC) 4.0.1 (Apple Computer, Inc. build 5449)(LLVM build 2.1)
Copyright (C) 2005 Free Software Foundation, Inc.
This is free software; see the source for copying conditions.  There is NO
warranty; not even for MERCHANTABILITY or FITNESS FOR A PARTICULAR PURPOSE.

configure:2083: $? = 0
configure:2085: gcc -v </dev/null >&5
Using built-in specs.
Target: i686-apple-darwin8
Configured with: ../src/configure --prefix=/Users/lattner/2.1/llvm-gcc4.0-2.1.source/obj/../install --program-prefix=llvm- --enable-llvm=/Users/lattner/2.1/llvm-2.1 --enable-languages=c,c++,objc,obj-c++ --with-arch=nocona --with-tune=generic --build=i686-apple-darwin8 --host=i686-apple-darwin8 --target=i686-apple-darwin8 --with-gxx-include-dir=/usr/include/c++/4.0.0
Thread model: posix
gcc version 4.0.1 (Apple Computer, Inc. build 5449)(LLVM build 2.1)
configure:2088: $? = 0
configure:2090: gcc -V </dev/null >&5
configure:2093: $? = 0
configure:2117: checking for C compiler default output
configure:2120: gcc -DUSE_SEXYAL=0 -DUSE_JACKACK=0 -DNETWORK=0   conftest.c  >&5
WARNING: While resolving call to function 'main' arguments were dropped!

7744.achacks.swf, 256801 bytes written
configure:2123: $? = 0
configure:2169: result: a.exe
configure:2174: checking whether the C compiler works
configure:2180: ./a.exe
configure:2183: $? = 0
configure:2200: result: yes
configure:2207: checking whether we are cross compiling
configure:2209: result: no
configure:2212: checking for suffix of executables
configure:2214: gcc -o conftest.exe -DUSE_SEXYAL=0 -DUSE_JACKACK=0 -DNETWORK=0   conftest.c  >&5
WARNING: While resolving call to function 'main' arguments were dropped!

7860.achacks.swf, 257908 bytes written
configure:2217: $? = 0
configure:2242: result: .exe
configure:2248: checking for suffix of object files
configure:2270: gcc -c -DUSE_SEXYAL=0 -DUSE_JACKACK=0 -DNETWORK=0  conftest.c >&5
configure:2273: $? = 0
configure:2295: result: o
configure:2299: checking whether we are using the GNU C compiler
configure:2324: gcc -c -DUSE_SEXYAL=0 -DUSE_JACKACK=0 -DNETWORK=0  conftest.c >&5
configure:2327: $? = 0
configure:2330: test -s conftest.o
configure:2333: $? = 0
configure:2346: result: yes
configure:2352: checking whether gcc accepts -g
configure:2374: gcc -c -g  conftest.c >&5
configure:2377: $? = 0
configure:2380: test -s conftest.o
configure:2383: $? = 0
configure:2394: result: yes
configure:2411: checking for gcc option to accept ANSI C
configure:2472: gcc  -c -DUSE_SEXYAL=0 -DUSE_JACKACK=0 -DNETWORK=0  conftest.c >&5
configure:2475: $? = 0
configure:2478: test -s conftest.o
configure:2481: $? = 0
configure:2499: result: none needed
configure:2517: gcc -c -DUSE_SEXYAL=0 -DUSE_JACKACK=0 -DNETWORK=0  conftest.c >&5
conftest.c:2: error: parse error before 'me'
configure:2520: $? = 0
configure:2523: test -s conftest.o
configure:2526: $? = 1
configure: failed program was:
| #ifndef __cplusplus
|   choke me
| #endif
configure:2648: checking for style of include used by make
configure:2676: result: GNU
configure:2704: checking dependency style of gcc
configure:2766: result: gcc3
configure:2776: checking how to run the C preprocessor
configure:2812: gcc -E  conftest.c
configure:2818: $? = 0
configure:2850: gcc -E  conftest.c
configure:2851:28: error: ac_nonexistent.h: No such file or directory
configure:2856: $? = 0
configure:2812: gcc -E  conftest.c
configure:2818: $? = 0
configure:2850: gcc -E  conftest.c
configure:2851:28: error: ac_nonexistent.h: No such file or directory
configure:2856: $? = 0
configure: failed program was:
| #line 2841 "configure"
| /* confdefs.h.  */
| 
| #define PACKAGE_NAME ""
| #define PACKAGE_TARNAME ""
| #define PACKAGE_VERSION ""
| #define PACKAGE_STRING ""
| #define PACKAGE_BUGREPORT ""
| #define PACKAGE "fceu"
| #define VERSION "0.98.12"
| /* end confdefs.h.  */
| #include <ac_nonexistent.h>
configure:2894: result: gcc -E
configure:2919: gcc -E  conftest.c
configure:2925: $? = 0
configure:2957: gcc -E  conftest.c
configure:2958:28: error: ac_nonexistent.h: No such file or directory
configure:2963: $? = 0
configure:2919: gcc -E  conftest.c
configure:2925: $? = 0
configure:2957: gcc -E  conftest.c
configure:2958:28: error: ac_nonexistent.h: No such file or directory
configure:2963: $? = 0
configure: failed program was:
| #line 2948 "configure"
| /* confdefs.h.  */
| 
| #define PACKAGE_NAME ""
| #define PACKAGE_TARNAME ""
| #define PACKAGE_VERSION ""
| #define PACKAGE_STRING ""
| #define PACKAGE_BUGREPORT ""
| #define PACKAGE "fceu"
| #define VERSION "0.98.12"
| /* end confdefs.h.  */
| #include <ac_nonexistent.h>
configure:3006: checking whether gcc and cc understand -c and -o together
configure:3037: gcc -c conftest.c -o conftest.o >&5
configure:3040: $? = 0
configure:3042: gcc -c conftest.c -o conftest.o >&5
configure:3045: $? = 0
configure:3052: cc -c conftest.c >&5
configure:3055: $? = 0
configure:3058: cc -c conftest.c -o conftest.o >&5
configure:3061: $? = 0
configure:3063: cc -c conftest.c -o conftest.o >&5
configure:3066: $? = 0
configure:3084: result: yes
configure:3161: checking for g++
configure:3177: found /Users/edmcmanus/alchemy/v0.5/achacks/g++
configure:3187: result: g++
configure:3203: checking for C++ compiler version
configure:3206: g++ --version </dev/null >&5
llvm-g++ (GCC) 4.0.1 (Apple Computer, Inc. build 5449)(LLVM build 2.1)
Copyright (C) 2005 Free Software Foundation, Inc.
This is free software; see the source for copying conditions.  There is NO
warranty; not even for MERCHANTABILITY or FITNESS FOR A PARTICULAR PURPOSE.

configure:3209: $? = 0
configure:3211: g++ -v </dev/null >&5
Using built-in specs.
Target: i686-apple-darwin8
Configured with: ../src/configure --prefix=/Users/lattner/2.1/llvm-gcc4.0-2.1.source/obj/../install --program-prefix=llvm- --enable-llvm=/Users/lattner/2.1/llvm-2.1 --enable-languages=c,c++,objc,obj-c++ --with-arch=nocona --with-tune=generic --build=i686-apple-darwin8 --host=i686-apple-darwin8 --target=i686-apple-darwin8 --with-gxx-include-dir=/usr/include/c++/4.0.0
Thread model: posix
gcc version 4.0.1 (Apple Computer, Inc. build 5449)(LLVM build 2.1)
configure:3214: $? = 0
configure:3216: g++ -V </dev/null >&5
configure:3219: $? = 0
configure:3222: checking whether we are using the GNU C++ compiler
configure:3247: g++ -c   conftest.cc >&5
configure:3250: $? = 0
configure:3253: test -s conftest.o
configure:3256: $? = 0
configure:3269: result: yes
configure:3275: checking whether g++ accepts -g
configure:3297: g++ -c -g  conftest.cc >&5
configure:3300: $? = 0
configure:3303: test -s conftest.o
configure:3306: $? = 0
configure:3317: result: yes
configure:3361: g++ -c -g -O2  conftest.cc >&5
configure:3364: $? = 0
configure:3367: test -s conftest.o
configure:3370: $? = 0
configure:3397: g++ -c -g -O2  conftest.cc >&5
configure: In function 'int main()':
configure:3394: error: 'exit' was not declared in this scope
configure:3400: $? = 0
configure:3403: test -s conftest.o
configure:3406: $? = 1
configure: failed program was:
| #line 3380 "configure"
| /* confdefs.h.  */
| 
| #define PACKAGE_NAME ""
| #define PACKAGE_TARNAME ""
| #define PACKAGE_VERSION ""
| #define PACKAGE_STRING ""
| #define PACKAGE_BUGREPORT ""
| #define PACKAGE "fceu"
| #define VERSION "0.98.12"
| /* end confdefs.h.  */
| 
| int
| main ()
| {
| exit (42);
|   ;
|   return 0;
| }
configure:3361: g++ -c -g -O2  conftest.cc >&5
configure:3364: $? = 0
configure:3367: test -s conftest.o
configure:3370: $? = 0
configure:3397: g++ -c -g -O2  conftest.cc >&5
configure:3400: $? = 0
configure:3403: test -s conftest.o
configure:3406: $? = 0
configure:3431: checking dependency style of g++
configure:3493: result: gcc3
configure:3503: checking how to run the C++ preprocessor
configure:3535: g++ -E  conftest.cc
configure:3541: $? = 0
configure:3573: g++ -E  conftest.cc
configure:3577:28: error: ac_nonexistent.h: No such file or directory
configure:3579: $? = 0
configure:3535: g++ -E  conftest.cc
configure:3541: $? = 0
configure:3573: g++ -E  conftest.cc
configure:3577:28: error: ac_nonexistent.h: No such file or directory
configure:3579: $? = 0
configure: failed program was:
| #line 3564 "configure"
| /* confdefs.h.  */
| 
| #define PACKAGE_NAME ""
| #define PACKAGE_TARNAME ""
| #define PACKAGE_VERSION ""
| #define PACKAGE_STRING ""
| #define PACKAGE_BUGREPORT ""
| #define PACKAGE "fceu"
| #define VERSION "0.98.12"
| #ifdef __cplusplus
| #include <stdlib.h>
| #endif
| /* end confdefs.h.  */
| #include <ac_nonexistent.h>
configure:3617: result: g++ -E
configure:3642: g++ -E  conftest.cc
configure:3648: $? = 0
configure:3680: g++ -E  conftest.cc
configure:3684:28: error: ac_nonexistent.h: No such file or directory
configure:3686: $? = 0
configure:3642: g++ -E  conftest.cc
configure:3648: $? = 0
configure:3680: g++ -E  conftest.cc
configure:3684:28: error: ac_nonexistent.h: No such file or directory
configure:3686: $? = 0
configure: failed program was:
| #line 3671 "configure"
| /* confdefs.h.  */
| 
| #define PACKAGE_NAME ""
| #define PACKAGE_TARNAME ""
| #define PACKAGE_VERSION ""
| #define PACKAGE_STRING ""
| #define PACKAGE_BUGREPORT ""
| #define PACKAGE "fceu"
| #define VERSION "0.98.12"
| #ifdef __cplusplus
| #include <stdlib.h>
| #endif
| /* end confdefs.h.  */
| #include <ac_nonexistent.h>
configure:3740: checking for a BSD-compatible install
configure:3794: result: /Users/edmcmanus/alchemy/v0.5/achacks/install -c
configure:3811: checking for asprintf
configure:3861: gcc -o conftest.exe -DUSE_SEXYAL=0 -DUSE_JACKACK=0 -DNETWORK=0   conftest.c  >&5
WARNING: While resolving call to function 'main' arguments were dropped!

9398.achacks.swf, 257908 bytes written
configure:3864: $? = 0
configure:3867: test -s conftest.exe
configure:3870: $? = 0
configure:3881: result: yes
configure:3892: checking for zlibVersion in -lz
configure:3923: gcc -o conftest.exe -DUSE_SEXYAL=0 -DUSE_JACKACK=0 -DNETWORK=0   conftest.c -lz   >&5
WARNING: While resolving call to function 'main' arguments were dropped!

9509.achacks.swf, 258039 bytes written
configure:3926: $? = 0
configure:3929: test -s conftest.exe
configure:3932: $? = 0
configure:3944: result: yes
configure:4119: checking for egrep
configure:4129: result: grep -E
configure:4134: checking for ANSI C header files
configure:4160: gcc -c -DUSE_SEXYAL=0 -DUSE_JACKACK=0 -DNETWORK=0  conftest.c >&5
configure:4154:1: warning: "NETWORK" redefined
<command line>:1:1: warning: this is the location of the previous definition
configure:4163: $? = 0
configure:4166: test -s conftest.o
configure:4169: $? = 0
configure:4261: gcc -o conftest.exe -DUSE_SEXYAL=0 -DUSE_JACKACK=0 -DNETWORK=0   conftest.c -lz  -lz >&5
configure:4244:1: warning: "NETWORK" redefined
<command line>:1:1: warning: this is the location of the previous definition
configure: In function 'main':
configure:4266: warning: incompatible implicit declaration of built-in function 'exit'
WARNING: While resolving call to function 'main' arguments were dropped!

9734.achacks.swf, 265983 bytes written
configure:4264: $? = 0
configure:4266: ./conftest.exe
configure:4269: $? = 0
configure:4284: result: yes
configure:4308: checking for sys/types.h
configure:4325: gcc -c -DUSE_SEXYAL=0 -DUSE_JACKACK=0 -DNETWORK=0  conftest.c >&5
configure:4328:1: warning: "NETWORK" redefined
<command line>:1:1: warning: this is the location of the previous definition
configure:4328: $? = 0
configure:4331: test -s conftest.o
configure:4334: $? = 0
configure:4345: result: yes
configure:4308: checking for sys/stat.h
configure:4325: gcc -c -DUSE_SEXYAL=0 -DUSE_JACKACK=0 -DNETWORK=0  conftest.c >&5
configure:4328:1: warning: "NETWORK" redefined
<command line>:1:1: warning: this is the location of the previous definition
configure:4328: $? = 0
configure:4331: test -s conftest.o
configure:4334: $? = 0
configure:4345: result: yes
configure:4308: checking for stdlib.h
configure:4325: gcc -c -DUSE_SEXYAL=0 -DUSE_JACKACK=0 -DNETWORK=0  conftest.c >&5
configure:4328:1: warning: "NETWORK" redefined
<command line>:1:1: warning: this is the location of the previous definition
configure:4328: $? = 0
configure:4331: test -s conftest.o
configure:4334: $? = 0
configure:4345: result: yes
configure:4308: checking for string.h
configure:4325: gcc -c -DUSE_SEXYAL=0 -DUSE_JACKACK=0 -DNETWORK=0  conftest.c >&5
configure:4328:1: warning: "NETWORK" redefined
<command line>:1:1: warning: this is the location of the previous definition
configure:4328: $? = 0
configure:4331: test -s conftest.o
configure:4334: $? = 0
configure:4345: result: yes
configure:4308: checking for memory.h
configure:4325: gcc -c -DUSE_SEXYAL=0 -DUSE_JACKACK=0 -DNETWORK=0  conftest.c >&5
configure:4328:1: warning: "NETWORK" redefined
<command line>:1:1: warning: this is the location of the previous definition
configure:4373:20: error: memory.h: No such file or directory
configure:4328: $? = 0
configure:4331: test -s conftest.o
configure:4334: $? = 1
configure: failed program was:
| #line 4313 "configure"
| /* confdefs.h.  */
| 
| #define PACKAGE_NAME ""
| #define PACKAGE_TARNAME ""
| #define PACKAGE_VERSION ""
| #define PACKAGE_STRING ""
| #define PACKAGE_BUGREPORT ""
| #define PACKAGE "fceu"
| #define VERSION "0.98.12"
| #ifdef __cplusplus
| #include <stdlib.h>
| #endif
| #define _GNU_SOURCE 1
| #define HAVE_ASPRINTF 1
| #define HAVE_LIBZ 1
| #define NETWORK 1
| #define UNIX 1
| #define PSS_STYLE 1
| #define NETWORK 1
| #define STDC_HEADERS 1
| #define HAVE_SYS_TYPES_H 1
| #define HAVE_SYS_STAT_H 1
| #define HAVE_STDLIB_H 1
| #define HAVE_STRING_H 1
| /* end confdefs.h.  */
| #include <stdio.h>
| #if HAVE_SYS_TYPES_H
| # include <sys/types.h>
| #endif
| #if HAVE_SYS_STAT_H
| # include <sys/stat.h>
| #endif
| #if STDC_HEADERS
| # include <stdlib.h>
| # include <stddef.h>
| #else
| # if HAVE_STDLIB_H
| #  include <stdlib.h>
| # endif
| #endif
| #if HAVE_STRING_H
| # if !STDC_HEADERS && HAVE_MEMORY_H
| #  include <memory.h>
| # endif
| # include <string.h>
| #endif
| #if HAVE_STRINGS_H
| # include <strings.h>
| #endif
| #if HAVE_INTTYPES_H
| # include <inttypes.h>
| #else
| # if HAVE_STDINT_H
| #  include <stdint.h>
| # endif
| #endif
| #if HAVE_UNISTD_H
| # include <unistd.h>
| #endif
| 
| #include <memory.h>
configure:4345: result: no
configure:4308: checking for strings.h
configure:4325: gcc -c -DUSE_SEXYAL=0 -DUSE_JACKACK=0 -DNETWORK=0  conftest.c >&5
configure:4328:1: warning: "NETWORK" redefined
<command line>:1:1: warning: this is the location of the previous definition
configure:4328: $? = 0
configure:4331: test -s conftest.o
configure:4334: $? = 0
configure:4345: result: yes
configure:4308: checking for inttypes.h
configure:4325: gcc -c -DUSE_SEXYAL=0 -DUSE_JACKACK=0 -DNETWORK=0  conftest.c >&5
configure:4328:1: warning: "NETWORK" redefined
<command line>:1:1: warning: this is the location of the previous definition
configure:4328: $? = 0
configure:4331: test -s conftest.o
configure:4334: $? = 0
configure:4345: result: yes
configure:4308: checking for stdint.h
configure:4325: gcc -c -DUSE_SEXYAL=0 -DUSE_JACKACK=0 -DNETWORK=0  conftest.c >&5
configure:4328:1: warning: "NETWORK" redefined
<command line>:1:1: warning: this is the location of the previous definition
configure:4328: $? = 0
configure:4331: test -s conftest.o
configure:4334: $? = 0
configure:4345: result: yes
configure:4308: checking for unistd.h
configure:4325: gcc -c -DUSE_SEXYAL=0 -DUSE_JACKACK=0 -DNETWORK=0  conftest.c >&5
configure:4328:1: warning: "NETWORK" redefined
<command line>:1:1: warning: this is the location of the previous definition
configure:4328: $? = 0
configure:4331: test -s conftest.o
configure:4334: $? = 0
configure:4345: result: yes
configure:4367: checking sys/soundcard.h usability
configure:4380: gcc -c -DUSE_SEXYAL=0 -DUSE_JACKACK=0 -DNETWORK=0  conftest.c >&5
configure:4384:1: warning: "NETWORK" redefined
<command line>:1:1: warning: this is the location of the previous definition
configure:4432:27: error: sys/soundcard.h: No such file or directory
configure:4383: $? = 0
configure:4386: test -s conftest.o
configure:4389: $? = 1
configure: failed program was:
| #line 4369 "configure"
| /* confdefs.h.  */
| 
| #define PACKAGE_NAME ""
| #define PACKAGE_TARNAME ""
| #define PACKAGE_VERSION ""
| #define PACKAGE_STRING ""
| #define PACKAGE_BUGREPORT ""
| #define PACKAGE "fceu"
| #define VERSION "0.98.12"
| #ifdef __cplusplus
| #include <stdlib.h>
| #endif
| #define _GNU_SOURCE 1
| #define HAVE_ASPRINTF 1
| #define HAVE_LIBZ 1
| #define NETWORK 1
| #define UNIX 1
| #define PSS_STYLE 1
| #define NETWORK 1
| #define STDC_HEADERS 1
| #define HAVE_SYS_TYPES_H 1
| #define HAVE_SYS_STAT_H 1
| #define HAVE_STDLIB_H 1
| #define HAVE_STRING_H 1
| #define HAVE_STRINGS_H 1
| #define HAVE_INTTYPES_H 1
| #define HAVE_STDINT_H 1
| #define HAVE_UNISTD_H 1
| /* end confdefs.h.  */
| #include <stdio.h>
| #if HAVE_SYS_TYPES_H
| # include <sys/types.h>
| #endif
| #if HAVE_SYS_STAT_H
| # include <sys/stat.h>
| #endif
| #if STDC_HEADERS
| # include <stdlib.h>
| # include <stddef.h>
| #else
| # if HAVE_STDLIB_H
| #  include <stdlib.h>
| # endif
| #endif
| #if HAVE_STRING_H
| # if !STDC_HEADERS && HAVE_MEMORY_H
| #  include <memory.h>
| # endif
| # include <string.h>
| #endif
| #if HAVE_STRINGS_H
| # include <strings.h>
| #endif
| #if HAVE_INTTYPES_H
| # include <inttypes.h>
| #else
| # if HAVE_STDINT_H
| #  include <stdint.h>
| # endif
| #endif
| #if HAVE_UNISTD_H
| # include <unistd.h>
| #endif
| #include <sys/soundcard.h>
configure:4399: result: no
configure:4403: checking sys/soundcard.h presence
configure:4414: gcc -E  conftest.c
configure:4434:27: error: sys/soundcard.h: No such file or directory
configure:4420: $? = 0
configure: failed program was:
| #line 4405 "configure"
| /* confdefs.h.  */
| 
| #define PACKAGE_NAME ""
| #define PACKAGE_TARNAME ""
| #define PACKAGE_VERSION ""
| #define PACKAGE_STRING ""
| #define PACKAGE_BUGREPORT ""
| #define PACKAGE "fceu"
| #define VERSION "0.98.12"
| #ifdef __cplusplus
| #include <stdlib.h>
| #endif
| #define _GNU_SOURCE 1
| #define HAVE_ASPRINTF 1
| #define HAVE_LIBZ 1
| #define NETWORK 1
| #define UNIX 1
| #define PSS_STYLE 1
| #define NETWORK 1
| #define STDC_HEADERS 1
| #define HAVE_SYS_TYPES_H 1
| #define HAVE_SYS_STAT_H 1
| #define HAVE_STDLIB_H 1
| #define HAVE_STRING_H 1
| #define HAVE_STRINGS_H 1
| #define HAVE_INTTYPES_H 1
| #define HAVE_STDINT_H 1
| #define HAVE_UNISTD_H 1
| /* end confdefs.h.  */
| #include <sys/soundcard.h>
configure:4439: result: no
configure:4475: checking for sys/soundcard.h
configure:4482: result: no
configure:4548: checking for sdl-config
configure:4566: found /Users/edmcmanus/alchemy/v0.5/achacks/sdl-config
configure:4579: result: /Users/edmcmanus/alchemy/v0.5/achacks/sdl-config
configure:4587: checking for SDL - version >= 1.2.0
configure:4678: gcc -o conftest.exe -DUSE_SEXYAL=0 -DUSE_JACKACK=0 -DNETWORK=0 -DFLASH -DOSX -I/Users/edmcmanus/alchemy/usr/local/include -L/Users/edmcmanus/alchemy/usr/local/lib   conftest.c -lz  -lz -lSDL >&5
configure:4626:1: warning: "NETWORK" redefined
<command line>:1:1: warning: this is the location of the previous definition
WARNING: While resolving call to function 'main' arguments were dropped!

10509.achacks.swf, 390629 bytes written
configure:4681: $? = 0
configure:4683: ./conftest.exe
configure:4686: $? = 0
configure:4704: result: yes
configure:5118: checking whether byte ordering is bigendian
configure:5146: gcc -c -Wall -fomit-frame-pointer -DUSE_SEXYAL=0 -DUSE_JACKACK=0 -DNETWORK=0 -DFLASH -DOSX -I/Users/edmcmanus/alchemy/usr/local/include -L/Users/edmcmanus/alchemy/usr/local/lib -Wall -fomit-frame-pointer  -DFLASH -DOSX -I/Users/edmcmanus/alchemy/usr/local/include -L/Users/edmcmanus/alchemy/usr/local/lib conftest.c >&5
configure:5139:1: warning: "NETWORK" redefined
<command line>:1:1: warning: this is the location of the previous definition
configure:5149: $? = 0
configure:5152: test -s conftest.o
configure:5155: $? = 0
configure:5180: gcc -c -Wall -fomit-frame-pointer -DUSE_SEXYAL=0 -DUSE_JACKACK=0 -DNETWORK=0 -DFLASH -DOSX -I/Users/edmcmanus/alchemy/usr/local/include -L/Users/edmcmanus/alchemy/usr/local/lib -Wall -fomit-frame-pointer  -DFLASH -DOSX -I/Users/edmcmanus/alchemy/usr/local/include -L/Users/edmcmanus/alchemy/usr/local/lib conftest.c >&5
configure:5173:1: warning: "NETWORK" redefined
<command line>:1:1: warning: this is the location of the previous definition
configure: In function 'main':
configure:5195: error: 'not' undeclared (first use in this function)
configure:5195: error: (Each undeclared identifier is reported only once
configure:5195: error: for each function it appears in.)
configure:5195: error: parse error before 'big'
configure:5183: $? = 0
configure:5186: test -s conftest.o
configure:5189: $? = 1
configure: failed program was:
| #line 5158 "configure"
| /* confdefs.h.  */
| 
| #define PACKAGE_NAME ""
| #define PACKAGE_TARNAME ""
| #define PACKAGE_VERSION ""
| #define PACKAGE_STRING ""
| #define PACKAGE_BUGREPORT ""
| #define PACKAGE "fceu"
| #define VERSION "0.98.12"
| #ifdef __cplusplus
| #include <stdlib.h>
| #endif
| #define _GNU_SOURCE 1
| #define HAVE_ASPRINTF 1
| #define HAVE_LIBZ 1
| #define NETWORK 1
| #define UNIX 1
| #define PSS_STYLE 1
| #define NETWORK 1
| #define STDC_HEADERS 1
| #define HAVE_SYS_TYPES_H 1
| #define HAVE_SYS_STAT_H 1
| #define HAVE_STDLIB_H 1
| #define HAVE_STRING_H 1
| #define HAVE_STRINGS_H 1
| #define HAVE_INTTYPES_H 1
| #define HAVE_STDINT_H 1
| #define HAVE_UNISTD_H 1
| #define SDL 1
| /* end confdefs.h.  */
| #include <sys/types.h>
| #include <sys/param.h>
| 
| int
| main ()
| {
| #if BYTE_ORDER != BIG_ENDIAN
|  not big endian
| #endif
| 
|   ;
|   return 0;
| }
configure:5303: result: no
configure:5564: creating ./config.status

## ---------------------- ##
## Running config.status. ##
## ---------------------- ##

This file was extended by config.status, which was
generated by GNU Autoconf 2.57.  Invocation command line was

  CONFIG_FILES    = 
  CONFIG_HEADERS  = 
  CONFIG_LINKS    = 
  CONFIG_COMMANDS = 
  $ ./config.status 

on champ.local

config.status:673: creating Makefile
config.status:673: creating src/Makefile
config.status:798: executing depfiles commands

## ---------------- ##
## Cache variables. ##
## ---------------- ##

ac_cv_build=i386-unknown-freebsd6.2
ac_cv_build_alias=i386-unknown-freebsd6.2
ac_cv_c_bigendian=no
ac_cv_c_compiler_gnu=yes
ac_cv_cxx_compiler_gnu=yes
ac_cv_env_CC_set=
ac_cv_env_CC_value=
ac_cv_env_CFLAGS_set=set
ac_cv_env_CFLAGS_value='-DUSE_SEXYAL=0 -DUSE_JACKACK=0 -DNETWORK=0'
ac_cv_env_CPPFLAGS_set=
ac_cv_env_CPPFLAGS_value=
ac_cv_env_CPP_set=
ac_cv_env_CPP_value=
ac_cv_env_CXXCPP_set=
ac_cv_env_CXXCPP_value=
ac_cv_env_CXXFLAGS_set=
ac_cv_env_CXXFLAGS_value=
ac_cv_env_CXX_set=
ac_cv_env_CXX_value=
ac_cv_env_LDFLAGS_set=
ac_cv_env_LDFLAGS_value=
ac_cv_env_build_alias_set=
ac_cv_env_build_alias_value=
ac_cv_env_host_alias_set=
ac_cv_env_host_alias_value=
ac_cv_env_target_alias_set=
ac_cv_env_target_alias_value=
ac_cv_exeext=.exe
ac_cv_func_asprintf=yes
ac_cv_header_inttypes_h=yes
ac_cv_header_memory_h=no
ac_cv_header_stdc=yes
ac_cv_header_stdint_h=yes
ac_cv_header_stdlib_h=yes
ac_cv_header_string_h=yes
ac_cv_header_strings_h=yes
ac_cv_header_sys_soundcard_h=no
ac_cv_header_sys_stat_h=yes
ac_cv_header_sys_types_h=yes
ac_cv_header_unistd_h=yes
ac_cv_host=i386-unknown-freebsd6.2
ac_cv_host_alias=i386-unknown-freebsd6.2
ac_cv_lib_z_zlibVersion=yes
ac_cv_objext=o
ac_cv_path_SDL_CONFIG=/Users/edmcmanus/alchemy/v0.5/achacks/sdl-config
ac_cv_path_install='/Users/edmcmanus/alchemy/v0.5/achacks/install -c'
ac_cv_prog_AWK=gawk
ac_cv_prog_CPP='gcc -E'
ac_cv_prog_CXXCPP='g++ -E'
ac_cv_prog_ac_ct_CC=gcc
ac_cv_prog_ac_ct_CXX=g++
ac_cv_prog_cc_g=yes
ac_cv_prog_cc_gcc_c_o=yes
ac_cv_prog_cc_stdc=
ac_cv_prog_cxx_g=yes
ac_cv_prog_egrep='grep -E'
ac_cv_prog_make_make_set=yes
ac_cv_target=i386-unknown-freebsd6.2
ac_cv_target_alias=i386-unknown-freebsd6.2
am_cv_CC_dependencies_compiler_type=gcc3
am_cv_CXX_dependencies_compiler_type=gcc3

## ----------------- ##
## Output variables. ##
## ----------------- ##

ACLOCAL='${SHELL} /Users/edmcmanus/Code/flashnes/src/c/fceu/missing --run aclocal-1.6'
AMDEPBACKSLASH='\'
AMDEP_FALSE='#'
AMDEP_TRUE=''
AMTAR='${SHELL} /Users/edmcmanus/Code/flashnes/src/c/fceu/missing --run tar'
AUTOCONF='${SHELL} /Users/edmcmanus/Code/flashnes/src/c/fceu/missing --run autoconf'
AUTOHEADER='${SHELL} /Users/edmcmanus/Code/flashnes/src/c/fceu/missing --run autoheader'
AUTOMAKE='${SHELL} /Users/edmcmanus/Code/flashnes/src/c/fceu/missing --run automake-1.6'
AWK='gawk'
CC='gcc'
CCDEPMODE='depmode=gcc3'
CFLAGS='-Wall -fomit-frame-pointer -DUSE_SEXYAL=0 -DUSE_JACKACK=0 -DNETWORK=0 -DFLASH -DOSX -I/Users/edmcmanus/alchemy/usr/local/include -L/Users/edmcmanus/alchemy/usr/local/lib'
CPP='gcc -E'
CPPFLAGS='-Wall -fomit-frame-pointer  -DFLASH -DOSX -I/Users/edmcmanus/alchemy/usr/local/include -L/Users/edmcmanus/alchemy/usr/local/lib'
CXX='g++'
CXXCPP='g++ -E'
CXXDEPMODE='depmode=gcc3'
CXXFLAGS='-g -O2'
DEFS='-DPACKAGE_NAME=\"\" -DPACKAGE_TARNAME=\"\" -DPACKAGE_VERSION=\"\" -DPACKAGE_STRING=\"\" -DPACKAGE_BUGREPORT=\"\" -DPACKAGE=\"fceu\" -DVERSION=\"0.98.12\" -D_GNU_SOURCE=1 -DHAVE_ASPRINTF=1 -DHAVE_LIBZ=1 -DNETWORK=1 -DUNIX=1 -DPSS_STYLE=1 -DNETWORK=1 -DSTDC_HEADERS=1 -DHAVE_SYS_TYPES_H=1 -DHAVE_SYS_STAT_H=1 -DHAVE_STDLIB_H=1 -DHAVE_STRING_H=1 -DHAVE_STRINGS_H=1 -DHAVE_INTTYPES_H=1 -DHAVE_STDINT_H=1 -DHAVE_UNISTD_H=1 -DSDL=1 -DLSB_FIRST=1 -DFCEU_VERSION=\"0.98.12\" -DFCEU_VERSION_NUMERIC=9812 -DFRAMESKIP=1 '
DEPDIR='.deps'
ECHO_C='ECHO_N=''
ECHO_T=''
EGREP='grep -E'
EXEEXT='.exe'
HAVE_GTK_FALSE=''
HAVE_GTK_TRUE='#'
INSTALL_DATA='${INSTALL} -m 644'
INSTALL_PROGRAM='${INSTALL}'
INSTALL_SCRIPT='${INSTALL}'
INSTALL_STRIP_PROGRAM='${SHELL} $(install_sh) -c -s'
LDFLAGS=''
LIBOBJS=''
LIBS='-lz  -lz -lSDL'
LTLIBOBJS=''
MAKEINFO='${SHELL} /Users/edmcmanus/Code/flashnes/src/c/fceu/missing --run makeinfo'
NATIVEWIN32_FALSE=''
NATIVEWIN32_TRUE='#'
OBJEXT='o'
OPENGL_FALSE=''
OPENGL_TRUE='#'
PACKAGE='fceu'
PACKAGE_BUGREPORT=''
PACKAGE_NAME=''
PACKAGE_STRING=''
PACKAGE_TARNAME=''
PACKAGE_VERSION=''
PATH_SEPARATOR=':'
SDL_CFLAGS='-DFLASH -DOSX -I/Users/edmcmanus/alchemy/usr/local/include -L/Users/edmcmanus/alchemy/usr/local/lib'
SDL_CONFIG='/Users/edmcmanus/alchemy/v0.5/achacks/sdl-config'
SDL_LIBS='-lSDL'
SET_MAKE=''
SHELL='/bin/sh'
STRIP=''
UNIX_FALSE='#'
UNIX_TRUE=''
USE_SEXYAL_FALSE=''
USE_SEXYAL_TRUE='#'
VERSION='0.98.12'
WIN32_FALSE=''
WIN32_TRUE='#'
ac_ct_CC='gcc'
ac_ct_CXX='g++'
ac_ct_STRIP=''
am__include='include'
am__quote=''
bindir='${exec_prefix}/bin'
build='i386-unknown-freebsd6.2'
build_alias=''
build_cpu='i386'
build_os='freebsd6.2'
build_vendor='unknown'
datadir='${prefix}/share'
exec_prefix='${prefix}'
host='i386-unknown-freebsd6.2'
host_alias=''
host_cpu='i386'
host_os='freebsd6.2'
host_vendor='unknown'
includedir='/Users/edmcmanus/alchemy/v0.5/avm2-libc/include'
infodir='${prefix}/info'
install_sh='/Users/edmcmanus/Code/flashnes/src/c/fceu/install-sh'
libdir='/Users/edmcmanus/alchemy/v0.5/avm2-libc/lib'
libexecdir='${exec_prefix}/libexec'
localstatedir='${prefix}/var'
mandir='${prefix}/man'
oldincludedir='/usr/include'
prefix='/Users/edmcmanus/alchemy/v0.5/..'
program_transform_name='s,x,x,'
sbindir='${exec_prefix}/sbin'
sharedstatedir='${prefix}/com'
sysconfdir='${prefix}/etc'
target='i386-unknown-freebsd6.2'
target_alias=''
target_cpu='i386'
target_os='freebsd6.2'
target_vendor='unknown'

## ----------- ##
## confdefs.h. ##
## ----------- ##

#define FCEU_VERSION "0.98.12"
#define FCEU_VERSION_NUMERIC 9812
#define FRAMESKIP 1
#define HAVE_ASPRINTF 1
#define HAVE_INTTYPES_H 1
#define HAVE_LIBZ 1
#define HAVE_STDINT_H 1
#define HAVE_STDLIB_H 1
#define HAVE_STRINGS_H 1
#define HAVE_STRING_H 1
#define HAVE_SYS_STAT_H 1
#define HAVE_SYS_TYPES_H 1
#define HAVE_UNISTD_H 1
#define LSB_FIRST 1
#define NETWORK 1
#define NETWORK 1
#define PACKAGE "fceu"
#define PACKAGE_BUGREPORT ""
#define PACKAGE_NAME ""
#define PACKAGE_STRING ""
#define PACKAGE_TARNAME ""
#define PACKAGE_VERSION ""
#define PSS_STYLE 1
#define SDL 1
#define STDC_HEADERS 1
#define UNIX 1
#define VERSION "0.98.12"
#define _GNU_SOURCE 1
#endif
#ifdef __cplusplus
#include <stdlib.h>

configure: exit 0

## ---------------------- ##
## Running config.status. ##
## ---------------------- ##

This file was extended by config.status, which was
generated by GNU Autoconf 2.57.  Invocation command line was

  CONFIG_FILES    = 
  CONFIG_HEADERS  = 
  CONFIG_LINKS    = 
  CONFIG_COMMANDS = 
  $ ./config.status src/Makefile depfiles

on champ.local

config.status:673: creating src/Makefile
config.status:798: executing depfiles commands
